Flow report for spi
Sun Aug 04 22:10:33 2019
Quartus II 64-Bit Version 13.1.0 Build 162 10/23/2013 SJ Full Version


---------------------
; Table of Contents ;
---------------------
  1. Legal Notice
  2. Flow Summary
  3. Flow Settings
  4. Flow Non-Default Global Settings
  5. Flow Elapsed Time
  6. Flow OS Summary
  7. Flow Log
  8. Flow Messages
  9. Flow Suppressed Messages



----------------
; Legal Notice ;
----------------
Copyright (C) 1991-2013 Altera Corporation
Your use of Altera Corporation's design tools, logic functions 
and other software and tools, and its AMPP partner logic 
functions, and any output files from any of the foregoing 
(including device programming or simulation files), and any 
associated documentation or information are expressly subject 
to the terms and conditions of the Altera Program License 
Subscription Agreement, Altera MegaCore Function License 
Agreement, or other applicable license agreement, including, 
without limitation, that your use is for the sole purpose of 
programming logic devices manufactured by Altera and sold by 
Altera or its authorized distributors.  Please refer to the 
applicable agreement for further details.



+----------------------------------------------------------------------------------+
; Flow Summary                                                                     ;
+------------------------------------+---------------------------------------------+
; Flow Status                        ; Successful - Sun Aug 04 22:10:33 2019       ;
; Quartus II 64-Bit Version          ; 13.1.0 Build 162 10/23/2013 SJ Full Version ;
; Revision Name                      ; spi                                         ;
; Top-level Entity Name              ; spi_slave_module                            ;
; Family                             ; Cyclone IV E                                ;
; Device                             ; EP4CE10F17C8                                ;
; Timing Models                      ; Final                                       ;
; Total logic elements               ; 1,027 / 10,320 ( 10 % )                     ;
;     Total combinational functions  ; 651 / 10,320 ( 6 % )                        ;
;     Dedicated logic registers      ; 813 / 10,320 ( 8 % )                        ;
; Total registers                    ; 813                                         ;
; Total pins                         ; 10 / 180 ( 6 % )                            ;
; Total virtual pins                 ; 0                                           ;
; Total memory bits                  ; 196,608 / 423,936 ( 46 % )                  ;
; Embedded Multiplier 9-bit elements ; 0 / 46 ( 0 % )                              ;
; Total PLLs                         ; 0 / 2 ( 0 % )                               ;
+------------------------------------+---------------------------------------------+


+-----------------------------------------+
; Flow Settings                           ;
+-------------------+---------------------+
; Option            ; Setting             ;
+-------------------+---------------------+
; Start date & time ; 08/04/2019 22:10:10 ;
; Main task         ; Compilation         ;
; Revision Name     ; spi                 ;
+-------------------+---------------------+


+---------------------------------------------------------------------------------------------------------------------------------------------------------------------------------------------------------------------+
; Flow Non-Default Global Settings                                                                                                                                                                                    ;
+--------------------------------------+------------------------------------------------------------------------------------------------------------------------+---------------+------------------+------------------+
; Assignment Name                      ; Value                                                                                                                  ; Default Value ; Entity Name      ; Section Id       ;
+--------------------------------------+------------------------------------------------------------------------------------------------------------------------+---------------+------------------+------------------+
; COMPILER_SIGNATURE_ID                ; 238368706585323.156492781004728                                                                                        ; --            ; --               ; --               ;
; EDA_DESIGN_INSTANCE_NAME             ; NA                                                                                                                     ; --            ; --               ; spi_module_tb    ;
; EDA_NATIVELINK_SIMULATION_TEST_BENCH ; spi_module_tb                                                                                                          ; --            ; --               ; eda_simulation   ;
; EDA_OUTPUT_DATA_FORMAT               ; Verilog Hdl                                                                                                            ; --            ; --               ; eda_simulation   ;
; EDA_SIMULATION_TOOL                  ; ModelSim (Verilog)                                                                                                     ; <None>        ; --               ; --               ;
; EDA_TEST_BENCH_ENABLE_STATUS         ; TEST_BENCH_MODE                                                                                                        ; --            ; --               ; eda_simulation   ;
; EDA_TEST_BENCH_FILE                  ; ../simulation/spi_module_tb.v                                                                                          ; --            ; --               ; spi_module_tb    ;
; EDA_TEST_BENCH_MODULE_NAME           ; spi_module_tb                                                                                                          ; --            ; --               ; spi_module_tb    ;
; EDA_TEST_BENCH_NAME                  ; spi_module_tb                                                                                                          ; --            ; --               ; eda_simulation   ;
; EDA_TIME_SCALE                       ; 1 ps                                                                                                                   ; --            ; --               ; eda_simulation   ;
; ENABLE_SIGNALTAP                     ; On                                                                                                                     ; --            ; --               ; --               ;
; IP_TOOL_NAME                         ; FIFO                                                                                                                   ; --            ; --               ; --               ;
; IP_TOOL_VERSION                      ; 13.1                                                                                                                   ; --            ; --               ; --               ;
; MAX_CORE_JUNCTION_TEMP               ; 85                                                                                                                     ; --            ; --               ; --               ;
; MIN_CORE_JUNCTION_TEMP               ; 0                                                                                                                      ; --            ; --               ; --               ;
; MISC_FILE                            ; ipcore/fifo_inst.v                                                                                                     ; --            ; --               ; --               ;
; NOMINAL_CORE_SUPPLY_VOLTAGE          ; 1.2V                                                                                                                   ; --            ; --               ; --               ;
; PARTITION_COLOR                      ; 16764057                                                                                                               ; --            ; spi_slave_module ; Top              ;
; PARTITION_FITTER_PRESERVATION_LEVEL  ; PLACEMENT_AND_ROUTING                                                                                                  ; --            ; spi_slave_module ; Top              ;
; PARTITION_NETLIST_TYPE               ; SOURCE                                                                                                                 ; --            ; spi_slave_module ; Top              ;
; POWER_BOARD_THERMAL_MODEL            ; None (CONSERVATIVE)                                                                                                    ; --            ; --               ; --               ;
; POWER_PRESET_COOLING_SOLUTION        ; 23 MM HEAT SINK WITH 200 LFPM AIRFLOW                                                                                  ; --            ; --               ; --               ;
; PROJECT_OUTPUT_DIRECTORY             ; output_files                                                                                                           ; --            ; --               ; --               ;
; SLD_FILE                             ; db/stp1_auto_stripped.stp                                                                                              ; --            ; --               ; --               ;
; SLD_NODE_CREATOR_ID                  ; 110                                                                                                                    ; --            ; --               ; auto_signaltap_0 ;
; SLD_NODE_ENTITY_NAME                 ; sld_signaltap                                                                                                          ; --            ; --               ; auto_signaltap_0 ;
; SLD_NODE_PARAMETER_ASSIGNMENT        ; SLD_RAM_BLOCK_TYPE=AUTO                                                                                                ; --            ; --               ; auto_signaltap_0 ;
; SLD_NODE_PARAMETER_ASSIGNMENT        ; SLD_NODE_INFO=805334528                                                                                                ; --            ; --               ; auto_signaltap_0 ;
; SLD_NODE_PARAMETER_ASSIGNMENT        ; SLD_POWER_UP_TRIGGER=0                                                                                                 ; --            ; --               ; auto_signaltap_0 ;
; SLD_NODE_PARAMETER_ASSIGNMENT        ; SLD_STORAGE_QUALIFIER_INVERSION_MASK_LENGTH=0                                                                          ; --            ; --               ; auto_signaltap_0 ;
; SLD_NODE_PARAMETER_ASSIGNMENT        ; SLD_ATTRIBUTE_MEM_MODE=OFF                                                                                             ; --            ; --               ; auto_signaltap_0 ;
; SLD_NODE_PARAMETER_ASSIGNMENT        ; SLD_STATE_FLOW_USE_GENERATED=0                                                                                         ; --            ; --               ; auto_signaltap_0 ;
; SLD_NODE_PARAMETER_ASSIGNMENT        ; SLD_STATE_BITS=11                                                                                                      ; --            ; --               ; auto_signaltap_0 ;
; SLD_NODE_PARAMETER_ASSIGNMENT        ; SLD_BUFFER_FULL_STOP=1                                                                                                 ; --            ; --               ; auto_signaltap_0 ;
; SLD_NODE_PARAMETER_ASSIGNMENT        ; SLD_CURRENT_RESOURCE_WIDTH=1                                                                                           ; --            ; --               ; auto_signaltap_0 ;
; SLD_NODE_PARAMETER_ASSIGNMENT        ; SLD_TRIGGER_LEVEL=1                                                                                                    ; --            ; --               ; auto_signaltap_0 ;
; SLD_NODE_PARAMETER_ASSIGNMENT        ; SLD_TRIGGER_IN_ENABLED=0                                                                                               ; --            ; --               ; auto_signaltap_0 ;
; SLD_NODE_PARAMETER_ASSIGNMENT        ; SLD_ADVANCED_TRIGGER_ENTITY=basic,1,                                                                                   ; --            ; --               ; auto_signaltap_0 ;
; SLD_NODE_PARAMETER_ASSIGNMENT        ; SLD_TRIGGER_LEVEL_PIPELINE=1                                                                                           ; --            ; --               ; auto_signaltap_0 ;
; SLD_NODE_PARAMETER_ASSIGNMENT        ; SLD_ENABLE_ADVANCED_TRIGGER=0                                                                                          ; --            ; --               ; auto_signaltap_0 ;
; SLD_NODE_PARAMETER_ASSIGNMENT        ; SLD_DATA_BITS=24                                                                                                       ; --            ; --               ; auto_signaltap_0 ;
; SLD_NODE_PARAMETER_ASSIGNMENT        ; SLD_TRIGGER_BITS=24                                                                                                    ; --            ; --               ; auto_signaltap_0 ;
; SLD_NODE_PARAMETER_ASSIGNMENT        ; SLD_INVERSION_MASK=000000000000000000000000000000000000000000000000000000000000000000000000000000000000000000000000000 ; --            ; --               ; auto_signaltap_0 ;
; SLD_NODE_PARAMETER_ASSIGNMENT        ; SLD_INVERSION_MASK_LENGTH=99                                                                                           ; --            ; --               ; auto_signaltap_0 ;
; SLD_NODE_PARAMETER_ASSIGNMENT        ; SLD_SEGMENT_SIZE=8192                                                                                                  ; --            ; --               ; auto_signaltap_0 ;
; SLD_NODE_PARAMETER_ASSIGNMENT        ; SLD_NODE_CRC_HIWORD=12224                                                                                              ; --            ; --               ; auto_signaltap_0 ;
; SLD_NODE_PARAMETER_ASSIGNMENT        ; SLD_SAMPLE_DEPTH=8192                                                                                                  ; --            ; --               ; auto_signaltap_0 ;
; SLD_NODE_PARAMETER_ASSIGNMENT        ; SLD_NODE_CRC_LOWORD=14584                                                                                              ; --            ; --               ; auto_signaltap_0 ;
; TOP_LEVEL_ENTITY                     ; spi_slave_module                                                                                                       ; spi           ; --               ; --               ;
; USE_SIGNALTAP_FILE                   ; stp1.stp                                                                                                               ; --            ; --               ; --               ;
+--------------------------------------+------------------------------------------------------------------------------------------------------------------------+---------------+------------------+------------------+


+-------------------------------------------------------------------------------------------------------------------------------+
; Flow Elapsed Time                                                                                                             ;
+---------------------------+--------------+-------------------------+---------------------+------------------------------------+
; Module Name               ; Elapsed Time ; Average Processors Used ; Peak Virtual Memory ; Total CPU Time (on all processors) ;
+---------------------------+--------------+-------------------------+---------------------+------------------------------------+
; Analysis & Synthesis      ; 00:00:06     ; 1.0                     ; 4725 MB             ; 00:00:05                           ;
; Fitter                    ; 00:00:06     ; 1.0                     ; 5420 MB             ; 00:00:08                           ;
; Assembler                 ; 00:00:01     ; 1.0                     ; 4623 MB             ; 00:00:01                           ;
; TimeQuest Timing Analyzer ; 00:00:03     ; 1.0                     ; 4703 MB             ; 00:00:02                           ;
; EDA Netlist Writer        ; 00:00:02     ; 1.0                     ; 4589 MB             ; 00:00:02                           ;
; Total                     ; 00:00:18     ; --                      ; --                  ; 00:00:18                           ;
+---------------------------+--------------+-------------------------+---------------------+------------------------------------+


+----------------------------------------------------------------------------------------+
; Flow OS Summary                                                                        ;
+---------------------------+------------------+-----------+------------+----------------+
; Module Name               ; Machine Hostname ; OS Name   ; OS Version ; Processor type ;
+---------------------------+------------------+-----------+------------+----------------+
; Analysis & Synthesis      ; DESKTOP-MVCV27E  ; Windows 7 ; 6.2        ; x86_64         ;
; Fitter                    ; DESKTOP-MVCV27E  ; Windows 7 ; 6.2        ; x86_64         ;
; Assembler                 ; DESKTOP-MVCV27E  ; Windows 7 ; 6.2        ; x86_64         ;
; TimeQuest Timing Analyzer ; DESKTOP-MVCV27E  ; Windows 7 ; 6.2        ; x86_64         ;
; EDA Netlist Writer        ; DESKTOP-MVCV27E  ; Windows 7 ; 6.2        ; x86_64         ;
+---------------------------+------------------+-----------+------------+----------------+


------------
; Flow Log ;
------------
quartus_map --read_settings_files=on --write_settings_files=off spi -c spi
quartus_fit --read_settings_files=off --write_settings_files=off spi -c spi
quartus_asm --read_settings_files=off --write_settings_files=off spi -c spi
quartus_sta spi -c spi
quartus_eda --read_settings_files=off --write_settings_files=off spi -c spi



